<?xml version="1.0" encoding="UTF-8"?>
<!-- Generated by org.testng.reporters.JUnitXMLReporter -->
<testsuite ignored="1" hostname="DESKTOP-O0EVOC1" failures="0" tests="3" name="Default test" time="0.081" errors="0" timestamp="2022-03-17T17:24:50 IST">
  <testcase classname="TestNgAnnotations.Demo3" name="Method1" time="0.012"/>
  <testcase classname="TestNgAnnotations.Demo3" name="Method3" time="0.002"/>
  <testcase classname="TestNgAnnotations.Demo3" name="Method4" time="0.004"/>
  <testcase classname="TestNgAnnotations.Demo3" name="Method2" time="0.0">
    <ignored/>
  </testcase> <!-- Method2 -->
</testsuite> <!-- Default test -->
