<?xml version="1.0" encoding="UTF-8"?>
<!-- Generated by org.testng.reporters.JUnitXMLReporter -->
<testsuite ignored="0" hostname="DESKTOP-O0EVOC1" failures="0" tests="3" name="LifeInsurance TestCases" time="0.027" errors="0" timestamp="2022-03-10T11:39:27 IST">
  <testcase classname="TestNgAnnotations.Demo2" name="Method1" time="0.002"/>
  <testcase classname="TestNgAnnotations.Demo2" name="Method2" time="0.002"/>
  <testcase classname="TestNgAnnotations.Demo2" name="Method3" time="0.002"/>
</testsuite> <!-- LifeInsurance TestCases -->
