<?xml version="1.0" encoding="UTF-8"?>
<!-- Generated by org.testng.reporters.JUnitXMLReporter -->
<testsuite ignored="0" hostname="DESKTOP-O0EVOC1" failures="0" tests="3" name="Test" time="0.074" errors="0" timestamp="2022-03-12T10:59:59 IST">
  <testcase classname="TestNgAnnotations.ParaMeterForPractise" name="Method1" time="0.011"/>
  <testcase classname="TestNgAnnotations.ParaMeterForPractise" name="Method2" time="0.002"/>
  <testcase classname="TestNgAnnotations.ParaMeterForPractise" name="Method3" time="0.002"/>
</testsuite> <!-- Test -->
