<?xml version="1.0" encoding="UTF-8"?>
<testng-results ignored="1" total="4" passed="3" failed="0" skipped="0">
  <reporter-output>
  </reporter-output>
  <suite started-at="2022-03-17T17:24:50 IST" name="Default suite" finished-at="2022-03-17T17:24:50 IST" duration-ms="81">
    <groups>
    </groups>
    <test started-at="2022-03-17T17:24:50 IST" name="Default test" finished-at="2022-03-17T17:24:50 IST" duration-ms="81">
      <class name="TestNgAnnotations.Demo3">
        <test-method signature="Method1()[pri:0, instance:TestNgAnnotations.Demo3@524d6d96]" started-at="2022-03-17T17:24:50 IST" name="Method1" finished-at="2022-03-17T17:24:50 IST" duration-ms="12" status="PASS">
          <reporter-output>
          </reporter-output>
        </test-method> <!-- Method1 -->
        <test-method signature="Method3()[pri:0, instance:TestNgAnnotations.Demo3@524d6d96]" started-at="2022-03-17T17:24:50 IST" name="Method3" finished-at="2022-03-17T17:24:50 IST" duration-ms="2" status="PASS">
          <reporter-output>
          </reporter-output>
        </test-method> <!-- Method3 -->
        <test-method signature="Method4()[pri:0, instance:TestNgAnnotations.Demo3@524d6d96]" started-at="2022-03-17T17:24:50 IST" name="Method4" finished-at="2022-03-17T17:24:50 IST" duration-ms="4" status="PASS">
          <reporter-output>
          </reporter-output>
        </test-method> <!-- Method4 -->
      </class> <!-- TestNgAnnotations.Demo3 -->
    </test> <!-- Default test -->
  </suite> <!-- Default suite -->
</testng-results>
